TN:
SF:src/routes.js
FN:1,Routes
FN:1,setSocketInstance
FN:3,defaultRoute
FN:9,options
FN:14,post
FN:18,get
FN:22,handler
FNF:7
FNH:5
FNDA:6,Routes
FNDA:1,setSocketInstance
FNDA:2,defaultRoute
FNDA:1,options
FNDA:0,post
FNDA:0,get
FNDA:5,handler
DA:1,1
DA:2,1
DA:3,1
DA:4,2
DA:5,2
DA:6,2
DA:7,2
DA:8,2
DA:9,1
DA:10,1
DA:11,1
DA:12,1
DA:13,1
DA:14,1
DA:15,0
DA:16,0
DA:17,0
DA:18,1
DA:19,0
DA:20,0
DA:21,0
DA:22,1
DA:23,5
DA:24,5
DA:25,5
DA:26,5
DA:27,5
DA:28,5
DA:29,5
DA:30,1
DA:31,1
DA:32,1
LF:32
LH:26
BRF:0
BRH:0
end_of_record
