TN:
SF:src/fileHelper.js
FN:2,getFilesStatus
FNF:1
FNH:0
FNDA:0,getFilesStatus
DA:1,1
DA:2,0
DA:3,0
DA:4,0
DA:5,0
DA:6,0
DA:7,0
DA:8,0
DA:9,0
DA:10,0
DA:11,0
DA:12,0
DA:13,0
DA:14,0
DA:15,0
DA:16,0
DA:17,0
DA:18,0
DA:19,1
DA:20,1
DA:21,1
DA:22,1
DA:23,1
DA:24,1
DA:25,1
LF:25
LH:8
BRF:0
BRH:0
end_of_record
TN:
SF:src/routes.js
FN:7,<instance_members_initializer>
FN:7,Routes
FN:12,setSocketInstance
FN:13,defaultRoute
FN:16,options
FN:21,post
FN:25,get
FN:31,handler
FNF:8
FNH:0
FNDA:0,<instance_members_initializer>
FNDA:0,Routes
FNDA:0,setSocketInstance
FNDA:0,defaultRoute
FNDA:0,options
FNDA:0,post
FNDA:0,get
FNDA:0,handler
DA:1,1
DA:2,1
DA:3,1
DA:4,1
DA:5,1
DA:6,1
DA:7,1
DA:8,0
DA:9,0
DA:10,0
DA:11,0
DA:12,1
DA:13,1
DA:14,0
DA:15,0
DA:16,1
DA:17,0
DA:18,0
DA:19,0
DA:20,0
DA:21,1
DA:22,0
DA:23,0
DA:24,0
DA:25,1
DA:26,0
DA:27,0
DA:28,0
DA:29,0
DA:30,0
DA:31,1
DA:32,0
DA:33,0
DA:34,0
DA:35,0
DA:36,0
DA:37,0
DA:38,0
DA:39,1
DA:40,1
DA:41,1
LF:41
LH:16
BRF:0
BRH:0
end_of_record
TN:
SF:src/uploadHandler.js
FN:3,UploadHandler
FN:7,handleFileBytes
FN:8,onFile
FN:22,registerEvents
FNF:4
FNH:3
FNDA:2,UploadHandler
FNDA:0,handleFileBytes
FNDA:1,onFile
FNDA:1,registerEvents
DA:1,1
DA:2,1
DA:3,1
DA:4,2
DA:5,2
DA:6,2
DA:7,1
DA:8,1
DA:9,1
DA:10,1
DA:11,1
DA:12,1
DA:13,1
DA:14,1
DA:15,1
DA:16,1
DA:17,1
DA:18,1
DA:19,1
DA:20,1
DA:21,1
DA:22,1
DA:23,1
DA:24,1
DA:25,1
DA:26,1
DA:27,1
DA:28,1
DA:29,1
DA:30,1
DA:31,1
DA:32,1
LF:32
LH:32
BRF:0
BRH:0
end_of_record
